{"__type":"$$EventMessageAudit","id":"0d672ad3-0ff5-4fff-83dc-b09b5e76a3c8","ts":"2025-08-02T20:09:54.545-07:00","eventName":"n8n.audit.workflow.created","message":"n8n.audit.workflow.created","payload":{"userId":"1170612a-daad-45c9-a977-1ceae9644083","_email":"a@gmail.com","_firstName":"Admin","_lastName":"Admin","globalRole":"global:owner","workflowId":"yTuzCrxO0yJHydCJ","workflowName":"Shower Thoughts Auto-Tweeter"}}
{"__type":"$$EventMessageConfirm","confirm":"0d672ad3-0ff5-4fff-83dc-b09b5e76a3c8","ts":"2025-08-02T20:09:54.546-07:00","source":{"id":"0","name":"eventBus"}}
{"__type":"$$EventMessageWorkflow","id":"3c82da30-6d55-44eb-82c2-9904e0f01df6","ts":"2025-08-02T20:11:06.818-07:00","eventName":"n8n.workflow.started","message":"n8n.workflow.started","payload":{"executionId":"1","workflowId":"yTuzCrxO0yJHydCJ","isManual":false,"workflowName":"Shower Thoughts Auto-Tweeter"}}
{"__type":"$$EventMessageConfirm","confirm":"3c82da30-6d55-44eb-82c2-9904e0f01df6","ts":"2025-08-02T20:11:06.818-07:00","source":{"id":"0","name":"eventBus"}}
{"__type":"$$EventMessageNode","id":"8cccb7f6-7473-434d-9f93-60c58b1a926b","ts":"2025-08-02T20:11:06.819-07:00","eventName":"n8n.node.started","message":"n8n.node.started","payload":{"workflowId":"yTuzCrxO0yJHydCJ","workflowName":"Shower Thoughts Auto-Tweeter","executionId":"1","nodeType":"n8n-nodes-base.scheduleTrigger","nodeName":"Schedule Trigger","nodeId":"8d3a0ac7-3fce-4d2b-bbbe-7267275ac5d4"}}
{"__type":"$$EventMessageConfirm","confirm":"8cccb7f6-7473-434d-9f93-60c58b1a926b","ts":"2025-08-02T20:11:06.819-07:00","source":{"id":"0","name":"eventBus"}}
{"__type":"$$EventMessageNode","id":"138fe141-f5d0-4a2b-aa23-06a368710406","ts":"2025-08-02T20:11:06.827-07:00","eventName":"n8n.node.finished","message":"n8n.node.finished","payload":{"workflowId":"yTuzCrxO0yJHydCJ","workflowName":"Shower Thoughts Auto-Tweeter","executionId":"1","nodeType":"n8n-nodes-base.scheduleTrigger","nodeName":"Schedule Trigger","nodeId":"8d3a0ac7-3fce-4d2b-bbbe-7267275ac5d4"}}
{"__type":"$$EventMessageConfirm","confirm":"138fe141-f5d0-4a2b-aa23-06a368710406","ts":"2025-08-02T20:11:06.827-07:00","source":{"id":"0","name":"eventBus"}}
{"__type":"$$EventMessageWorkflow","id":"a7e64ed6-2fa1-447a-b91b-9a60f826517f","ts":"2025-08-02T20:11:06.828-07:00","eventName":"n8n.workflow.success","message":"n8n.workflow.success","payload":{"userId":"1170612a-daad-45c9-a977-1ceae9644083","executionId":"1","success":true,"isManual":true,"workflowId":"yTuzCrxO0yJHydCJ","workflowName":"Shower Thoughts Auto-Tweeter"}}
{"__type":"$$EventMessageConfirm","confirm":"a7e64ed6-2fa1-447a-b91b-9a60f826517f","ts":"2025-08-02T20:11:06.828-07:00","source":{"id":"0","name":"eventBus"}}
{"__type":"$$EventMessageWorkflow","id":"4b4dffbe-26ec-4474-b657-b9fc1e4987a6","ts":"2025-08-02T20:15:26.634-07:00","eventName":"n8n.workflow.started","message":"n8n.workflow.started","payload":{"executionId":"2","workflowId":"yTuzCrxO0yJHydCJ","isManual":false,"workflowName":"Shower Thoughts Auto-Tweeter"}}
{"__type":"$$EventMessageConfirm","confirm":"4b4dffbe-26ec-4474-b657-b9fc1e4987a6","ts":"2025-08-02T20:15:26.634-07:00","source":{"id":"0","name":"eventBus"}}
{"__type":"$$EventMessageNode","id":"366515fd-4e3f-4ddb-9f57-86a6b0dafe7d","ts":"2025-08-02T20:15:26.635-07:00","eventName":"n8n.node.started","message":"n8n.node.started","payload":{"workflowId":"yTuzCrxO0yJHydCJ","workflowName":"Shower Thoughts Auto-Tweeter","executionId":"2","nodeType":"n8n-nodes-base.set","nodeName":"Edit Fields","nodeId":"e1ede93a-9467-492b-bc4e-f69565b7f0f3"}}
{"__type":"$$EventMessageConfirm","confirm":"366515fd-4e3f-4ddb-9f57-86a6b0dafe7d","ts":"2025-08-02T20:15:26.635-07:00","source":{"id":"0","name":"eventBus"}}
{"__type":"$$EventMessageNode","id":"ce79b686-f098-4807-a819-eabe57e296d1","ts":"2025-08-02T23:15:26.653-04:00","eventName":"n8n.node.finished","message":"n8n.node.finished","payload":{"workflowId":"yTuzCrxO0yJHydCJ","workflowName":"Shower Thoughts Auto-Tweeter","executionId":"2","nodeType":"n8n-nodes-base.set","nodeName":"Edit Fields","nodeId":"e1ede93a-9467-492b-bc4e-f69565b7f0f3"}}
{"__type":"$$EventMessageConfirm","confirm":"ce79b686-f098-4807-a819-eabe57e296d1","ts":"2025-08-02T23:15:26.653-04:00","source":{"id":"0","name":"eventBus"}}
{"__type":"$$EventMessageWorkflow","id":"462705a3-33d7-482a-b743-4d269b43ce92","ts":"2025-08-02T23:15:26.654-04:00","eventName":"n8n.workflow.success","message":"n8n.workflow.success","payload":{"userId":"1170612a-daad-45c9-a977-1ceae9644083","executionId":"2","success":true,"isManual":true,"workflowId":"yTuzCrxO0yJHydCJ","workflowName":"Shower Thoughts Auto-Tweeter"}}
{"__type":"$$EventMessageConfirm","confirm":"462705a3-33d7-482a-b743-4d269b43ce92","ts":"2025-08-02T23:15:26.654-04:00","source":{"id":"0","name":"eventBus"}}
{"__type":"$$EventMessageAudit","id":"4f1758a8-c2c7-4ea4-ac38-ac794f3aa0ea","ts":"2025-08-02T23:20:59.300-04:00","eventName":"n8n.audit.user.credentials.created","message":"n8n.audit.user.credentials.created","payload":{"userId":"1170612a-daad-45c9-a977-1ceae9644083","_email":"a@gmail.com","_firstName":"Admin","_lastName":"Admin","globalRole":"global:owner","credentialType":"twitterOAuth1Api","credentialId":"MHhJoVkBZenAcyir","publicApi":false,"projectId":"HDJKEP3azxkTEYyA","projectType":"personal"}}
{"__type":"$$EventMessageConfirm","confirm":"4f1758a8-c2c7-4ea4-ac38-ac794f3aa0ea","ts":"2025-08-02T23:20:59.300-04:00","source":{"id":"0","name":"eventBus"}}
{"__type":"$$EventMessageAudit","id":"e5cdd720-cfa6-4748-8484-8f3f5385614a","ts":"2025-08-02T23:22:27.265-04:00","eventName":"n8n.audit.user.credentials.updated","message":"n8n.audit.user.credentials.updated","payload":{"userId":"1170612a-daad-45c9-a977-1ceae9644083","_email":"a@gmail.com","_firstName":"Admin","_lastName":"Admin","globalRole":"global:owner","credentialType":"twitterOAuth1Api","credentialId":"MHhJoVkBZenAcyir"}}
{"__type":"$$EventMessageConfirm","confirm":"e5cdd720-cfa6-4748-8484-8f3f5385614a","ts":"2025-08-02T23:22:27.265-04:00","source":{"id":"0","name":"eventBus"}}
{"__type":"$$EventMessageAudit","id":"2693acff-1bf6-43fb-8106-9f968280dd5a","ts":"2025-08-02T23:28:39.424-04:00","eventName":"n8n.audit.user.credentials.created","message":"n8n.audit.user.credentials.created","payload":{"userId":"1170612a-daad-45c9-a977-1ceae9644083","_email":"a@gmail.com","_firstName":"Admin","_lastName":"Admin","globalRole":"global:owner","credentialType":"twitterOAuth2Api","credentialId":"6rAl4g22OTq0mkNP","publicApi":false,"projectId":"HDJKEP3azxkTEYyA","projectType":"personal"}}
{"__type":"$$EventMessageConfirm","confirm":"2693acff-1bf6-43fb-8106-9f968280dd5a","ts":"2025-08-02T23:28:39.424-04:00","source":{"id":"0","name":"eventBus"}}
{"__type":"$$EventMessageAudit","id":"1a3016e1-fd26-4193-9ba9-890ed5b2ae96","ts":"2025-08-02T23:31:52.221-04:00","eventName":"n8n.audit.user.credentials.updated","message":"n8n.audit.user.credentials.updated","payload":{"userId":"1170612a-daad-45c9-a977-1ceae9644083","_email":"a@gmail.com","_firstName":"Admin","_lastName":"Admin","globalRole":"global:owner","credentialType":"twitterOAuth2Api","credentialId":"6rAl4g22OTq0mkNP"}}
{"__type":"$$EventMessageConfirm","confirm":"1a3016e1-fd26-4193-9ba9-890ed5b2ae96","ts":"2025-08-02T23:31:52.221-04:00","source":{"id":"0","name":"eventBus"}}
{"__type":"$$EventMessageAudit","id":"2e15e11a-253b-4e4e-bf52-bdfbef235959","ts":"2025-08-02T23:32:03.804-04:00","eventName":"n8n.audit.user.credentials.updated","message":"n8n.audit.user.credentials.updated","payload":{"userId":"1170612a-daad-45c9-a977-1ceae9644083","_email":"a@gmail.com","_firstName":"Admin","_lastName":"Admin","globalRole":"global:owner","credentialType":"twitterOAuth2Api","credentialId":"6rAl4g22OTq0mkNP"}}
{"__type":"$$EventMessageConfirm","confirm":"2e15e11a-253b-4e4e-bf52-bdfbef235959","ts":"2025-08-02T23:32:03.804-04:00","source":{"id":"0","name":"eventBus"}}
{"__type":"$$EventMessageWorkflow","id":"555c48ff-d1dc-42b3-8fd2-84c4ee11f6a8","ts":"2025-08-02T23:32:09.807-04:00","eventName":"n8n.workflow.started","message":"n8n.workflow.started","payload":{"executionId":"3","workflowId":"yTuzCrxO0yJHydCJ","isManual":false,"workflowName":"Shower Thoughts Auto-Tweeter"}}
{"__type":"$$EventMessageConfirm","confirm":"555c48ff-d1dc-42b3-8fd2-84c4ee11f6a8","ts":"2025-08-02T23:32:09.807-04:00","source":{"id":"0","name":"eventBus"}}
{"__type":"$$EventMessageNode","id":"f4791f99-e4ef-4222-af67-b922fa48d635","ts":"2025-08-02T23:32:09.808-04:00","eventName":"n8n.node.started","message":"n8n.node.started","payload":{"workflowId":"yTuzCrxO0yJHydCJ","workflowName":"Shower Thoughts Auto-Tweeter","executionId":"3","nodeType":"n8n-nodes-base.twitter","nodeName":"Create Tweet","nodeId":"abccee9d-0baf-4fb1-9ae8-fedf1e936b4a"}}
{"__type":"$$EventMessageConfirm","confirm":"f4791f99-e4ef-4222-af67-b922fa48d635","ts":"2025-08-02T23:32:09.808-04:00","source":{"id":"0","name":"eventBus"}}
{"__type":"$$EventMessageNode","id":"3bb53045-1aba-4ce5-8492-6cb50e800727","ts":"2025-08-02T23:32:10.160-04:00","eventName":"n8n.node.finished","message":"n8n.node.finished","payload":{"workflowId":"yTuzCrxO0yJHydCJ","workflowName":"Shower Thoughts Auto-Tweeter","executionId":"3","nodeType":"n8n-nodes-base.twitter","nodeName":"Create Tweet","nodeId":"abccee9d-0baf-4fb1-9ae8-fedf1e936b4a"}}
{"__type":"$$EventMessageConfirm","confirm":"3bb53045-1aba-4ce5-8492-6cb50e800727","ts":"2025-08-02T23:32:10.160-04:00","source":{"id":"0","name":"eventBus"}}
{"__type":"$$EventMessageWorkflow","id":"65c76c09-198a-4aba-bd5e-73f7b198e2d7","ts":"2025-08-02T23:32:10.163-04:00","eventName":"n8n.workflow.success","message":"n8n.workflow.success","payload":{"userId":"1170612a-daad-45c9-a977-1ceae9644083","executionId":"3","success":true,"isManual":true,"workflowId":"yTuzCrxO0yJHydCJ","workflowName":"Shower Thoughts Auto-Tweeter"}}
{"__type":"$$EventMessageConfirm","confirm":"65c76c09-198a-4aba-bd5e-73f7b198e2d7","ts":"2025-08-02T23:32:10.164-04:00","source":{"id":"0","name":"eventBus"}}
{"__type":"$$EventMessageAudit","id":"52c43e53-40c3-410f-8c6c-1d94e4ee2511","ts":"2025-08-02T23:40:32.579-04:00","eventName":"n8n.audit.workflow.updated","message":"n8n.audit.workflow.updated","payload":{"userId":"1170612a-daad-45c9-a977-1ceae9644083","_email":"a@gmail.com","_firstName":"Admin","_lastName":"Admin","globalRole":"global:owner","workflowId":"yTuzCrxO0yJHydCJ","workflowName":"Shower Thoughts Auto-Tweeter"}}
{"__type":"$$EventMessageConfirm","confirm":"52c43e53-40c3-410f-8c6c-1d94e4ee2511","ts":"2025-08-02T23:40:32.579-04:00","source":{"id":"0","name":"eventBus"}}
